[   0.0000] niialiin crop bsys cput[  00000] nitialzi cgroususy c
[    00000 Inialzing grop susycpacct
  0.0000 Linuxversi 4.40-3-enri(buildd@lcy0-a64-001 (gc verio5.4.0 0106 (bunt 5.0-ubun1~6.4. ) #12-Unt SMMoDec 4 :2:28 UTC 2017(Ubuntu 4.4.0-103.126-generic 4.4.98)
[    0.000000] Command line: BOOT_IMAGE=/boot/vmlinuz-4.4.0-103-generic root=LABEL=cloudimg-rootfs ro console=tty1 console=ttyS0
[    0.000000] KERNEL supported cpus:
[    0.000000]   Intel Geninntel
[    .0000]   AD utnticD
   0.000]   ntr Cenurauls
[   00000]86fpuxsate_ofset[2]:  576, xstate_sizes[2]:  256
[    0.000000] x86/fpu: Suportin XSAVE feature 001'x87 fltig pntregisrs
   0000000]x8/fpu:Suorting XAV feur 0x02: 'E egiste'
[  000000] x86/fu:Suprtng XSAV fture 0x04 'VX egsts'
[   .00000] 6/fpu: Enabled xstate features 0x7, context sizis832 besusin'sandad'orat.
[    0.000000] x86/fpu: Using 'lazy' FPUontet ithes.[   0.000] e20BIS-rode physialAM map:[   0000] IOe820 [m x000000000000000x00000009fbf] able
[  0.0000] BI-e0: [emx000000000fc00x0000000fff] resve
[   0000 BOS-20[mem 00000000f00-0x00000000000ff] reseed
[   .00000]IO-e820:me0x000000010000x0000000fefff]usble
[   .00000 BS-820:me 0x000003fff0000-0x0000000fffff]CP dat
[  0.0000]BIOS82: mem 0x0000fe0000-0x000000fec0ff resve
[   0.0000] IOe820[m 0x00000fee000-0x00000eefff] rseed
[  0000000BIS-20[mem0x000000ff000-0000000fffff] rseed
[   0.000]NXExecteisabe)roectin:ctiv
  0.0000 SMBIOS2. psent
[   0.00000Hypeisr ette: KV
[   .0000] 820:la_pn  0fff0 m_ach_pn 0x0000000[   .0000]TR: Disaed
[  000000] x6/T: MTR dsabld,kippg AT initialization too.
[    0.000000] CPU MTRRs all blank - virtualized system.
[    0.000000] x86/PAT: Configuration [0-7]: WB  WT  UC- UC WB  WT  UC- UC  
[    0.000000] fun SMP M-tble at [m x0009fff0x009ff]mapped atfff880009ff0
[   .00000]caning 1 ea for owemorcorupti
    .00000 RAMSK [me0x6ade00x356ff
[    0.0000]ACI:Eay abl cckum vrication disabled
[  00000ACPI RDP0x00000000000 00024v02 VB  
[   000000 API: SDT x00000FF030 00003(v1 VBX  VOXDT000000 AL  000001)
   0000000]ACI: FP 000000FF00F00F4 (4 BOX  VXFCP00001 ASL 00001)
  0.00000]ACI: DSD 0000000FF040 21FF (v0 VX   BOIOS 00002 INL 100528
[  0.000] ACI:ACS 0x000003FF020 0040
[  0000000] ACP: ACSx00000003FFF000000
[    0.000000 AI: AP 0x00000000FF020 005C (v0VBX VBXAPI00000 AL  000001)
[  000000ACI: SS 0x00000003FFFA0000C v01VBX  VBCPT 0000 INTL 20100528)
[   .00000]  NUMA confiurtion un
[    0.0000] Faki anodeatmem 0x000000000-000000ffffff][   0.0000 NDE_DATA) llote [me0xffeb00-03ffefff
    .0000]vmllock: Ung ms 464d0 ad b54d
[   .0000]vmclock:pu0, sr:3ffe01 pimy cpu lo
    00000]vm-clo: si sched ffseof32069442cyle
[    0.000] clksrce:kvclock:as: fffffffffffffffmax_cycls:0x1cd4e4fb, x_dl_n 815905983ns
[   00000]one rge:
[    0.000000]   DMA      [mem 0x0000000001000-x000000fffff
[   0.000]  D32   [m 0000001000000-000000ffffff]    00000] Nrmal  pty   0.000]   Devie  empy[    0.000] Movle zon srt forac node
[  0.0000]arly mmo nodrage
  0.000000  ode 0:[mem 0x000000000100-0x00000009ff
[   000000]  nde 0: [mm x00000000010000-00000003fefff
   0.0000]Intmm setu ne 0 emx0000000010-0000000ffeff][   0.000] APIPMTimerIO or: 408
[   00000] APC[0]apc_ 2, erion 32adressxf00000, GI 23
[   .0000]ACI: I_SRCVRbus 0buir 0glalirq 2 l dfl)[   .0000]CP: INSR_O (s 0 s_rq9 obl_irq low evl)
[   0.00000 Uing ACI (DT) foSM cnfuratoninrmatn
[  0.00000smpbt:Alowng CUs,  htpg CPs[   .00000] : egiserd osaveemor [em 0x000000x000ff]
[   000000 P Regteednose emor: memx009f00-0009ffff]
[    0.00000 P: Regiered nosaveemory: [mm x00a000-000effff]
[   .00000 PM: Registrenosave memy:[mem 0000000-x0ffff]
[   .00000] 20: [m x40000-0xfebff] vaibl for P dvic
    0.000000] Booting paravirtualized kenel n KM
  0.00000]loksoucerein-jffesmask: xffffff x_cles0xffffff, x_id_n: 7655600256 n
  0.00000]etp_rcu:NRPU:512nrpumaskbi:52 nrcp_is:2 r_de_is:
[   0.000]PECP Ebedd 33 pags/cpufff8803f000 82 r812 2876 u0476
[  000000] V pinlk astale entri: 6 (ode 0, 96byt)
[   .00000] Bult 1 zoneis in od order, mobility grouping on.  Totalpas: 257913
[    0000] olicy zone: DMA32    00000]Keel cmmd ine: OOIMAG=/ot/vinz-4.4.-1-gneri rt=LAEL=cldimgrotfro csoe=tt cnse=tyS0
[    0.00000 PID hshtaleenies: 4096 rdr: 3, 3268ytes
   0.000] Meory: 10174K/1048120K availabl (48 kernl od, 295Krwata, 88K odaa,1492Kin, 1316 b, 6336reserved, 0K cm-reserved)
[    0.000000] SLUB: HWalign=64, Order=0-3, MinObjects=0, CPUs=2, Nodes=1
[    0.000000] Hierarchical RCU imlementation.
[   0.0000 	uid-timeadstentf eaf fno t 64.
   0.00000] 	CUretrictingCP fro NCPS=2 o r_u_ids=2.
   00000 R: djuin geoetryor r_fnot_af64, _cu_ds=2
[   0.0000] R_QS:302nr_iqs40 1
   00000] Conol colou VG+ 0x
    .0000] onle [ty eable
[   0.00000] nsol [yS] enbl
[    0.000000] tsc: Detected 2199.998 MHz processor
[   30.065326] Calibrating delay loop (skipped) preset value.. 4399.99 BogoMIPS (lpj=8799992)
[   30.219305] pid_max: default: 32768 minimum: 301
[   30.335673] ACPI: Core revision 20150930
[   30.409171] ACPI: 2 ACPI AML tables successfully acquired and loaded
[   30.512022] Security Framework initialized
[   30.586762] Yama: becoming mindful.
[   30.664617] AppArmor: AppArmor initialized
[   30.729155] Dentry cache hash table entries: 131072 (order: 8, 1048576 bytes)
[   30.916143] Inode-cache hash table entries: 65536 (order: 7, 524288 bytes)
[   31.071277] Mount-cache hash table entries: 2048 (order: 2, 16384 bytes)
[   31.223937] Mountpoint-cache hash table entries: 2048 (order: 2, 16384 bytes)
[   31.365076] Initializing cgroup subsys io
[   31.439283] Initializing cgroup subsys memory
[   31.446309] Initializing cgroup subsys devices
[   31.518268] Initializing cgroup subsys freezer
[   31.600190] Initializing cgroup subsys net_cls
[   31.630347] Initializing cgroup subsys perf_event
[   31.660383] Initializing cgroup subsys net_prio
[   31.711072] Initializing cgroup subsys hugetlb
[   31.732491] Initializing cgroup subsys pids
[   31.762226] CPU: Physical Processor ID: 0
[   31.787979] CPU: Processor Core ID: 0
[   31.814041] mce: CPU supports 0 MCE banks
[   31.852501] Last level iTLB entries: 4KB 64, 2MB 8, 4MB 8
[   31.905458] Last level dTLB entries: 4KB 64, 2MB 0, 4MB 0, 1GB 4
[   31.975443] Freeing SMP alternatives memory: 32K
[   32.084421] ftrace: allocating 32158 entries in 126 pages
[   32.249952] smpboot: APIC(0) Converting physical 0 to logical package 0
[   32.311425] smpboot: Max logical packages: 1
[   32.341659] x2apic enabled
[   32.348536] Switched APIC routing to physical x2apic.
[   32.361337] ..TIMER: vector=0x30 apic1=0 pin1=2 apic2=-1 pin2=-1
[   32.499739] smpboot: CPU0: Intel(R) Core(TM) i7-5650U CPU @ 2.20GHz (family: 0x6, model: 0x3d, stepping: 0x4)
[   32.618529] Performance Events: unsupported p6 CPU model 61 no PMU driver, software events only.
[   32.720738] KVM setup paravirtual spinlock
[   32.788600] x86: Booting SMP configuration:
[   32.824296] .... node  #0, CPUs:      #1
[   32.865139] kvm-clock: cpu 1, msr 0:3ffe3041, secondary cpu clock
[   32.957675] mce: CPU supports 0 MCE banks
[   33.006398] x86: Booted up 1 node, 2 CPUs
[   33.064843] smpboot: Total of 2 processors activated (8799.99 BogoMIPS)
[   33.217154] devtmpfs: initialized
[   33.268929] evm: security.selinux
[   33.330522] evm: security.SMACK64
[   33.394077] evm: security.SMACK64EXEC
[   33.425880] evm: security.SMACK64TRANSMUTE
[   33.491711] evm: security.SMACK64MMAP
[   33.560271] evm: security.ima
[   33.625072] evm: security.capability
[   33.683961] clocksource: jiffies: mask: 0xffffffff max_cycles: 0xffffffff, max_idle_ns: 7645041785100000 ns
[   33.874158] futex hash table entries: 512 (order: 3, 32768 bytes)
[   33.998815] pinctrl core: initialized pinctrl subsystem
[   34.122647] RTC time:  5:09:14, date: 12/15/17
[   34.207617] NET: Registered protocol family 16
[   34.319171] cpuidle: using governor ladder
[   34.407667] cpuidle: using governor menu
[   34.475569] PCCT header not found.
[   34.548166] ACPI: bus type PCI registered
[   34.618871] acpiphp: ACPI Hot Plug PCI Controller Driver version: 0.5
[   34.690335] PCI: Using configuration type 1 for base access
[   34.765296] ACPI: Added _OSI(Module Device)
[   34.794213] ACPI: Added _OSI(Processor Device)
[   34.795596] ACPI: Added _OSI(3.0 _SCP Extensions)
[   34.851206] ACPI: Added _OSI(Processor Aggregator Device)
[   34.865268] ACPI: Executed 1 blocks of module-level executable AML code
[   34.939575] ACPI: Interpreter enabled
[   34.978668] ACPI: (supports S0 S5)
[   35.014507] ACPI: Using IOAPIC for interrupt routing
[   35.077996] PCI: Using host bridge windows from ACPI; if necessary, use "pci=nocrs" and report a bug
[   35.185848] ACPI: PCI Root Bridge [PCI0] (domain 0000 [bus 00-ff])
[   35.314569] acpi PNP0A03:00: _OSC: OS supports [ASPM ClockPM Segments MSI]
[   35.454545] acpi PNP0A03:00: _OSC: not requesting OS control; OS requires [ExtendedConfig ASPM ClockPM MSI]
[   35.636896] acpi PNP0A03:00: fail to add MMCONFIG information, can't access extended PCI configuration space under this bridge.
[   35.885992] PCI host bridge to bus 0000:00
[   36.003475] pci_bus 0000:00: root bus resource [io  0x0000-0x0cf7 window]
[   36.020521] pci_bus 0000:00: root bus resource [io  0x0d00-0xffff window]
[   36.189366] pci_bus 0000:00: root bus resource [mem 0x000a0000-0x000bffff window]
[   36.294639] pci_bus 0000:00: root bus resource [mem 0x40000000-0xfdffffff window]
[   36.403035] pci_bus 0000:00: root bus resource [bus 00-ff]
[   36.495081] pci 0000:00:01.1: legacy IDE quirk: reg 0x10: [io  0x01f0-0x01f7]
[   36.602265] pci 0000:00:01.1: legacy IDE quirk: reg 0x14: [io  0x03f6]
[   36.653449] pci 0000:00:01.1: legacy IDE quirk: reg 0x18: [io  0x0170-0x0177]
[   36.726048] pci 0000:00:01.1: legacy IDE quirk: reg 0x1c: [io  0x0376]
[   36.830832] pci 0000:00:07.0: quirk: [io  0x4000-0x403f] claimed by PIIX4 ACPI
[   36.862833] pci 0000:00:07.0: quirk: [io  0x4100-0x410f] claimed by PIIX4 SMB
[   36.908566] ACPI: PCI Interrupt Link [LNKA] (IRQs 5 9 10 *11)
[   36.957625] ACPI: PCI Interrupt Link [LNKB] (IRQs 5 9 *10 11)
[   37.041417] ACPI: PCI Interrupt Link [LNKC] (IRQs 5 *9 10 11)
[   37.125461] ACPI: PCI Interrupt Link [LNKD] (IRQs 5 9 10 *11)
[   37.228861] ACPI: Enabled 2 GPEs in block 00 to 07
[   37.321986] vgaarb: setting as boot device: PCI:0000:00:02.0
[   37.381419] vgaarb: device added: PCI:0000:00:02.0,decodes=io+mem,owns=io+mem,locks=none
[   37.479164] vgaarb: loaded
[   37.525360] vgaarb: bridge control possible 0000:00:02.0
[   37.554442] SCSI subsystem initialized
[   37.623720] ACPI: bus type USB registered
[   37.626256] usbcore: registered new interface driver usbfs
[   37.738693] usbcore: registered new interface driver hub
[   37.841233] usbcore: registered new device driver usb
[   37.949183] PCI: Using ACPI for IRQ routing
[   38.022805] NetLabel: Initializing
[   38.072927] NetLabel:  domain hash size = 128
[   38.093708] NetLabel:  protocols = UNLABELED CIPSOv4
[   38.144560] NetLabel:  unlabeled traffic allowed by default
[   38.202470] amd_nb: Cannot enumerate AMD northbridges
[   38.248891] clocksource: Switched to clocksource kvm-clock
[   .227 AArr:pprm FlesyteEnle
[  39647pn P AI it[ 39925]np PnP APIfod 3eves
[   40.149479] clocksource: acpi_pm: mask: 0xffffff max_cycles: 0xffffff, max_idle_ns: 2085701024 ns
[   40.183978] NET: Registered protocol family 2
[   40.204700] TCP established hash table entries: 8192 (order: 4, 65536 bytes)
[   40.272713] TCP bind hash table entries: 8192 (order: 5, 131072 bytes)
[   40.357171] TCP: Hash tables configured (established 8192 bind 8192)
[   40.372119] UDP hash table entries: 512 (order: 2, 16384 bytes)
[   40.414418] UDP-Lite hash table entries: 512 (order: 2, 16384 bytes)
[   40.462637] NET: Registered protocol family 1
[   40.499094] pci 0000:00:00.0: Limiting direct PCI/PCI transfers
[   40.536943] pci 0000:00:01.0: Activating ISA DMA hang workarounds
[   40.644229] Unpacking initramfs...
[   42.577344] Freeing initrd memory: 10788K
[   42.605116] RAPL PMU detected, API unit is 2^-32 Joules, 4 fixed counters 10737418240 ms ovfl timer
[   42.646972] hw unit of domain pp0-core 2^-0 Joules
[   42.697319] hw unit of domain package 2^-0 Joules
[   42.770655] hw unit of domain dram 2^-0 Joules
[   42.871142] hw unit of domain pp1-gpu 2^-0 Joules
[ 4294063] atrmtcmo risreplfo RC vi (o PP vi fnd
[ 44256]scReneTSclksrccaibation: 2199.000 Mz
[   447869clksrc t: sk0xffffffffaxycs:x1b282320b, max_idle_ns: 440795231367 ns
[   45.8206Scni f l morcouponve 6send

[   45.821519] audit: initializing netlink subsys (disabled)
[   45.821535] audit: type=2000 audit(1513314532.859:1): initialized
[   45.821942] Initialise system trusted keyring
[   45.822156] HugeTLB registered 2 MB page size, pre-allocated 0 pages
[   45.824601] zbud: loaded
[   45.824840] VFS: Disk quotas dquot_6.6.0
[   45.824876] VFS: Dquot-cache hash table entries: 512 (order 0, 4096 bytes)
[   45.825289] squashfs: version 4.0 (2009/01/31) Phillip Lougher
[   45.825579] fuse init (API version 7.23)
[   45.825731] Key type big_key registered
[   45.825750] Allocating IMA MOK and blacklist keyrings.
[   45.826029] Key type asymmetric registered
[   45.826038] Asymmetric key parser 'x509' registered
[   45.826120] Block layer SCSI generic (bsg) driver version 0.4 loaded (major 249)
[   45.826162] io scheduler noop registered
[   45.826165] io scheduler deadline registered (default)
[   45.826205] io scheduler cfq registered
[   45.826333] pci_hotplug: PCI Hot Plug PCI Core version: 0.5
[   45.826338] pciehp: PCI Express Hot Plug Controller Driver version: 0.4
[   45.826724] ACPI: AC Adapter [AC] (on-line)
[   45.826801] input: Power Button as /devices/LNXSYSTM:00/LNXPWRBN:00/input/input0
[   45.826803] ACPI: Power Button [PWRF]
[   45.826904] input: Sleep Button as /devices/LNXSYSTM:00/LNXSLPBN:00/input/input1
[   45.826906] ACPI: Sleep Button [SLPF]
[   45.827117] GHES: HEST is not enabled!
[   45.827226] Serial: 8250/16550 driver, 32 ports, IRQ sharing enabled
[   45.852924] 00:02: ttyS0 at I/O 0x3f8 (irq = 4, base_baud = 115200) is a 16550A
[   46.675053] Linux agpgart interface v0.103
[   46.806341] ACPI: Battery Slot [BAT0] (battery present)
[   46.986637] loop: module loaded
[   46.987143] scsi host0: ata_piix
[   46.987190] scsi host1: ata_piix
[   46.987216] ata1: PATA max UDMA/33 cmd 0x1f0 ctl 0x3f6 bmdma 0xd000 irq 14
[   46.987217] ata2: PATA max UDMA/33 cmd 0x170 ctl 0x376 bmdma 0xd008 irq 15
[   46.987281] libphy: Fixed MDIO Bus: probed
[   46.987283] tun: Universal TUN/TAP device driver, 1.6
[   46.987284] tun: (C) 1999-2004 Max Krasnyansky <maxk@qualcomm.com>
[   46.987631] PPP generic driver version 2.4.2
[   46.987681] ehci_hcd: USB 2.0 'Enhanced' Host Controller (EHCI) Driver
[   46.987685] ehci-pci: EHCI PCI platform driver
[   46.987699] ehci-platform: EHCI generic platform driver
[   46.987706] ohci_hcd: USB 1.1 'Open' Host Controller (OHCI) Driver
[   46.987709] ohci-pci: OHCI PCI platform driver
[   46.987718] ohci-platform: OHCI generic platform driver
[   46.987724] uhci_hcd: USB Universal Host Controller Interface driver
[   46.987770] i8042: PNP: PS/2 Controller [PNP0303:PS2K,PNP0f03:PS2M] at 0x60,0x64 irq 1,12
[   47.090445] serio: i8042 KBD port at 0x60,0x64 irq 1
[   47.090452] serio: i8042 AUX port at 0x60,0x64 irq 12
[   47.090581] mousedev: PS/2 mouse device common for all mice
[   47.090891] rtc_cmos rtc_cmos: rtc core: registered rtc_cmos as rtc0
[   47.090940] rtc_cmos rtc_cmos: alarms up to one day, 114 bytes nvram
[   47.090946] i2c /dev entries driver
[   47.091001] device-mapper: uevent: version 1.0.3
[   47.091056] device-mapper: ioctl: 4.34.0-ioctl (2015-10-28) initialised: dm-devel@redhat.com
[   47.091070] ledtrig-cpu: registered to indicate activity on CPUs
[   47.091558] NET: Registered protocol family 10
[   47.091764] NET: Registered protocol family 17
[   47.091775] Key type dns_resolver registered
[   47.263776] microcode: CPU0 sig=0x306d4, pf=0x40, revision=0x0
[   47.263864] microcode: CPU1 sig=0x306d4, pf=0x40, revision=0x0
[   47.263931] microcode: Microcode Update Driver: v2.01 <tigran@aivazian.fsnet.co.uk>, Peter Oruba
[   47.264060] registered taskstats version 1
[   47.264077] Loading compiled-in X.509 certificates
[   47.264643] Loaded X.509 cert 'Build time autogenerated kernel key: 6495e09daeacef0cade9c1ea2246b74b6c79cd53'
[   47.264663] zswap: loaded using pool lzo/zbud
[   47.266795] Key type trusted registered
[   47.268827] Key type encrypted registered
[   47.268835] AppArmor: AppArmor sha1 policy hashing enabled
[   47.268896] ima: No TPM chip found, activating TPM-bypass!
[   47.268914] evm: HMAC attrs: 0x1
[   47.269237]   Magic number: 13:308:163
[   47.341242] rtc_cmos rtc_cmos: setting system clock to 2017-12-15 05:09:27 UTC (1513314567)
[   47.341388] BIOS EDD facility v0.16 2004-Jun-25, 0 devices found
[   47.341388] EDD information not available.
[   47.816289] input: AT Translated Set 2 keyboard as /devices/platform/i8042/serio0/input/input2
[   53.702539] Freeing unused kernel memory: 1492K
[   53.739046] Write protecting the kernel read-only data: 14336k
[   53.888530] Freeing unused kernel memory: 1744K
[   53.960387] Freeing unused kernel memory: 108K
Loading, please [   54.038700] random: systemd-udevd: uninitialized urandom read (16 bytes read, 7 bits of entropy available)
wait...
startin[   54.039219] random: udevadm: uninitialized urandom read (16 bytes read, 7 bits of entropy available)
g version 229
[   54.039236] random: udevadm: uninitialized urandom read (16 bytes read, 7 bits of entropy available)
[   54.046288] random: udevadm: uninitialized urandom read (16 bytes read, 7 bits of entropy available)
[   54.046319] random: udevadm: uninitialized urandom read (16 bytes read, 7 bits of entropy available)
[   54.046413] random: udevadm: uninitialized urandom read (16 bytes read, 7 bits of entropy available)
[   54.046450] random: udevadm: uninitialized urandom read (16 bytes read, 7 bits of entropy available)
[   54.046483] random: udevadm: uninitialized urandom read (16 bytes read, 7 bits of entropy available)
[   54.046516] random: udevadm: uninitialized urandom read (16 bytes read, 7 bits of entropy available)
[   54.046548] random: udevadm: uninitialized urandom read (16 bytes read, 7 bits of entropy available)
[   55.135800] e1000: Intel(R) PRO/1000 Network Driver - version 7.3.21-k8-NAPI
[   55.146113] e1000: Copyright (c) 1999-2006 Intel Corporation.
[   55.180780] Fusion MPT base driver 3.04.20
[   55.235555] Copyright (c) 1999-2008 LSI Corporation
[   55.300006] AVX2 version of gcm_enc/dec engaged.
[   55.349942] AES CTR mode by8 optimization enabled
[   55.397136] input: ImExPS/2 Generic Explorer Mouse as /devices/platform/i8042/serio1/input/input4
[   55.475133] Fusion MPT SPI Host driver 3.04.20
[   55.553835] e1000 0000:00:03.0 eth0: (PCI:33MHz:32-bit) 02:63:8e:2c:ef:cd
[   55.673860] e1000 0000:00:03.0 eth0: Intel(R) PRO/1000 Network Connection
[   56.189558] e1000 0000:00:08.0 eth1: (PCI:33MHz:32-bit) 08:00:27:84:9a:fa
[   56.356125] e1000 0000:00:08.0 eth1: Intel(R) PRO/1000 Network Connection
[   56.518261] mptbase: ioc0: Initiating bringup
[   56.519475] e1000 0000:00:03.0 enp0s3: renamed from eth0
[   56.759101] e1000 0000:00:08.0 enp0s8: renamed from eth1
[   56.868360] ioc0: LSI53C1030 A0: Capabilities={Initiator}
[   58.187444] floppy0: no floppy controllers found
[   58.319544] scsi host2: ioc0: LSI53C1030 A0, FwRev=00000000h, Ports=1, MaxQ=256, IRQ=20
[   58.569873] scsi 2:0:0:0: Direct-Access     VBOX     HARDDISK         1.0  PQ: 0 ANSI: 5
[   58.614479] scsi target2:0:0: Beginning Domain Validation
[   58.746980] scsi target2:0:0: Domain Validation skipping write tests
[   58.855552] scsi target2:0:0: Ending Domain Validation
[   58.954728] scsi target2:0:0: asynchronous
[   59.051777] scsi 2:0:1:0: Direct-Access     VBOX     HARDDISK         1.0  PQ: 0 ANSI: 5
[   59.236325] scsi target2:0:1: Beginning Domain Validation
[   59.313199] scsi target2:0:1: Domain Validation skipping write tests
[   59.437697] scsi target2:0:1: Ending Domain Validation
[   59.578785] scsi target2:0:1: asynchronous
[   59.682262] sd 2:0:0:0: [sda] 20971520 512-byte logical blocks: (10.7 GB/10.0 GiB)
[   59.682771] sd 2:0:0:0: Attached scsi generic sg0 type 0
[   59.683462] sd 2:0:1:0: Attached scsi generic sg1 type 0
[   60.071748] sd 2:0:1:0: [sdb] 20480 512-byte logical blocks: (10.5 MB/10.0 MiB)
[   60.214010] sd 2:0:0:0: [sda] Write Protect is off
[   60.308692] sd 2:0:1:0: [sdb] Write Protect is off
[   60.308890] sd 2:0:0:0: [sda] Incomplete mode parameter data
[   60.308891] sd 2:0:0:0: [sda] Assuming drive cache: write through
[   60.446886] sd 2:0:1:0: [sdb] Incomplete mode parameter data
[   60.447769]  sda: sda1
[   60.486192] sd 2:0:0:0: [sda] Attached SCSI disk
[   60.516026] sd 2:0:1:0: [sdb] Assuming drive cache: write through
[   60.571541] sd 2:0:1:0: [sdb] Attached SCSI disk
Begin: Loading e[   62.012163] md: linear personality registered for level -1
ssential drivers[   62.144507] md: multipath personality registered for level -4
 ... [   62.255200] md: raid0 personality registered for level 0
[   62.380542] md: raid1 personality registered for level 1
[   62.589282] raid6: sse2x1   gen()  6362 MB/s
[   62.720971] raid6: sse2x1   xor()  6040 MB/s
[   62.864958] raid6: sse2x2   gen() 11418 MB/s
[   63.033390] raid6: sse2x2   xor()  7469 MB/s
[   63.160974] raid6: sse2x4   gen() 11982 MB/s
[   63.304936] raid6: sse2x4   xor()  8168 MB/s
[   63.437218] raid6: avx2x1   gen() 15263 MB/s
[   63.576950] raid6: avx2x2   gen() 17707 MB/s
[   63.745528] raid6: avx2x4   gen()  8442 MB/s
[   63.776531] raid6: using algorithm avx2x2 gen() 17707 MB/s
[   63.790934] raid6: using avx2x2 recovery algorithm
[   63.860754] xor: automatically using best checksumming function:
[   64.000970]    avx       : 15896.000 MB/sec
[   64.083657] async_tx: api initialized (async)
[   64.161405] md: raid6 personality registered for level 6
[   64.258705] md: raid5 personality registered for level 5
[   64.393316] md: raid4 personality registered for level 4
[   64.549282] md: raid10 personality registered for level 10
done.
Begin: Running /scripts/init-premount ... done[   64.697296] Btrfs loaded
.
Begin: Mounting root file system ... Begin: Running /scripts/local-top ... do[   64.794916] EXT4-fs (sda1): mounted filesystem with ordered data mode. Opts: (null)
ne.
Begin: Running /scripts/local-premount ... Scanning for Btrfs filesystems
done.
Warning: fsck not present, so skipping root file system
done.
Begin: Running /scripts/local-bottom ... done.
Begin: Running /scripts/init-bottom ... done.
[   65.035571] systemd[1]: systemd 229 running in system mode. (+PAM +AUDIT +SELINUX +IMA +APPARMOR +SMACK +SYSVINIT +UTMP +LIBCRYPTSETUP +GCRYPT +GNUTLS +ACL +XZ -LZ4 +SECCOMP +BLKID +ELFUTILS +KMOD -IDN)
[   65.292045] systemd[1]: Detected virtualization oracle.
[   65.434261] systemd[1]: Detected architecture x86-64.

Welcome to [1mUbuntu 16.04.3 LTS[0m!

[   65.599275] systemd[1]: Set hostname to <ubuntu>.
[   65.667865] systemd[1]: Initializing machine ID from random generator.
[   65.688636] systemd[1]: Installed transient /etc/machine-id file.
[   65.903545] random: nonblocking pool is initialized
[   66.005305] systemd[1]: Listening on /dev/initctl Compatibility Named Pipe.
[[0;32m  OK  [0m] Listening on /dev/initctl Compatibility Named Pipe.
[   66.146411] systemd[1]: Set up automount Arbitrary Executable File Formats File System Automount Point.
[[0;32m  OK  [0m] Set up automount Arbitrary Executab...ats File System Automount Point.
[   66.337805] systemd[1]: Listening on LVM2 poll daemon socket.
[[0;32m  OK  [0m] Listening on LVM2 poll daemon socket.
[   66.404555] systemd[1]: Listening on Journal Audit Socket.
[[0;32m  OK  [0m] Listening on Journal Audit Socket.
[   66.438905] systemd[1]: Created slice User and Session Slice.
[[0;32m  OK  [0m] Created slice User and Session Slice.
[   66.553981] systemd[1]: Listening on LVM2 metadata daemon socket.
[[0;32m  OK  [0m] Listening on LVM2 metadata daemon socket.
[   66.621996] systemd[1]: Listening on Journal Socket (/dev/log).
[[0;32m  OK  [0m] Listening on Journal Socket (/dev/log).
[   66.713950] systemd[1]: Reached target Swap.
[[0;32m  OK  [0m] Reached target Swap.
[   66.821843] systemd[1]: Listening on Syslog Socket.
[[0;32m  OK  [0m] Listening on Syslog Socket.
[   66.997412] systemd[1]: Listening on Device-mapper event daemon FIFOs.
[[0;32m  OK  [0m] Listening on Device-mapper event daemon FIFOs.
[   67.150046] systemd[1]: Started Trigger resolvconf update for networkd DNS.
[[0;32m  OK  [0m] Started Trigger resolvconf update for networkd DNS.
[   67.289342] systemd[1]: Listening on udev Kernel Socket.
[[0;32m  OK  [0m] Listening on udev Kernel Socket.
[   67.417647] systemd[1]: Started Forward Password Requests to Wall Directory Watch.
[[0;32m  OK  [0m] Started Forward Password Requests to Wall Directory Watch.
[   67.617505] systemd[1]: Listening on udev Control Socket.
[[0;32m  OK  [0m] Listening on udev Control Socket.
[   67.733435] systemd[1]: Reached target User and Group Name Lookups.
[[0;32m  OK  [0m] Reached target User and Group Name Lookups.
[   67.929962] systemd[1]: Created slice System Slice.
[[0;32m  OK  [0m] Created slice System Slice.
[   68.079922] systemd[1]: Reached target Slices.
[[0;32m  OK  [0m] Reached target Slices.
[   68.170459] systemd[1]: Created slice system-serial\x2dgetty.slice.
[[0;32m  OK  [0m] Created slice system-serial\x2dgetty.slice.
[   68.262346] systemd[1]: Listening on Journal Socket.
[[0;32m  OK  [0m] Listening on Journal Socket.
[   68.441732] systemd[1]: Mounting Huge Pages File System...
         Mounting Huge Pages File System...
[   68.617592] systemd[1]: Mounting Debug File System...
         Mounting Debug File System...
[   68.777838] systemd[1]: Starting Journal Service...
         Starting Journal Service...
[   68.857663] systemd[1]: Starting Nameserver information manager...
         Starting Nameserver information manager...
[   69.025892] systemd[1]: Starting Remount Root and Kernel File Systems...
[   69.030970] EXT4-fs (sda1): re-mounted. Opts: (null)
         Starting Remount Root and Kernel File Systems...
[   69.345139] systemd[1]: Starting Uncomplicated firewall...
         Starting Uncomplicated firewall...
[   69.493559] systemd[1]: Starting Create list of required static device nodes for the current kernel...
         Starting Create list of required st... nodes for the current kernel...
[   69.753409] systemd[1]: Starting Set console keymap...
         Starting Set console keymap...
[   69.849697] systemd[1]: Starting Monitoring of LVM2 mirrors, snapshots etc. using dmeventd or progress polling...
         Starting Monitoring of LVM2 mirrors... dmeventd or progress polling...
[   70.117882] systemd[1]: Starting Load Kernel Modules...
[   .187] adg CSItrspt asv2-8.
         Startin[   70.793937] iscsi: registered transport (tcp)
g Load Kernel Modules...
[   70.919598] iscsi: registered transport (iser)
[   71.977497] systemd[1]: Mounting POSIX Message Queue File System...
         Mounting POSIX Message Queue File System...
[   72.177585] systemd[1]: Reached target Encrypted Volumes.
[[0;32m  OK  [0m] Reached target Encrypted Volumes.
[   72.390895] systemd[1]: Mounted POSIX Message Queue File System.
[[0;32m  OK  [0m] Mounted POSIX Message Queue File System.
[   72.581339] systemd[1]: Mounted Debug File System.
[[0;32m  OK  [0m] Mounted Debug File System.
[   72.641369] systemd[1]: Mounted Huge Pages File System.
[[0;32m  OK  [0m] Mounted Huge Pages File System.
[   72.710328] systemd[1]: Started Journal Service.
[[0;32m  OK  [0m] Started Journal Service.
[[0;32m  OK  [0m] Started Remount Root and Kernel File Systems.
[[0;32m  OK  [0m] Started Uncomplicated firewall.
[[0;32m  OK  [0m] Started Create list of required sta...ce nodes for the current kernel.
[[0;32m  OK  [0m] Started Set console keymap.
[[0;32m  OK  [0m] Started Load Kernel Modules.
[[0;32m  OK  [0m] Started Nameserver information manager.
[[0;32m  OK  [0m] Started LVM2 metadata daemon.
         Mounting FUSE Control File System...
         Starting Apply Kernel Variables...
         Starting Create Static Device Nodes in /dev...
         Starting Load/Save Random Seed...
         Starting udev Coldplug all Devices...
         Starting Initial cloud-init job (pre-networking)...
         Starting Flush Journal to Persistent Storage...
[[0;32m  OK  [0m] Mounted FUSE Control File System.
[[0;32m  OK  [0m] Started Monitoring of LVM2 mirrors,...ng dmeventd or progress polling.
[[0;32m  OK  [0m] Started Apply Kernel Variables.
[[0;32m  OK  [0m] Started Create Static Device Nodes in /dev.
[[0;32m  OK  [0m] Started Load/Save Random Seed.
[[0;32m  OK  [0m] Started udev Coldplug all Devices.
[[0;32m  OK  [0m] Started Flush Journal to Persistent Storage.
         Starting udev Kernel Device Manager...
[[0;32m  OK  [0m] Started udev Kernel Device Manager.
[[0;32m  OK  [0m] Reached target Local File Systems (Pre).
[[0;32m  OK  [0m] Reached target Local File Systems.
         Starting LSB: AppArmor initialization...
         Starting Commit a transient machine-id on disk...
         Starting Set console font and keymap...
[   37.157062] cloud-init[458]: Cloud-init v. 17.1 running 'init-local' at Fri, 15 Dec 2017 05:09:54 +0000. Up 36.81 seconds.
         Starting Create Volatile Files and Directories...
         Starting Tell Plymouth To Write Out Runtime Data...
[[0;32m  OK  [0m] Started Dispatch Password Requests to Console Directory Watch.
[[0;32m  OK  [0m] Started Commit a transient machine-id on disk.
[[0;32m  OK  [0m] Started Create Volatile Files and Directories.
[[0;32m  OK  [0m] Started Set console font and keymap.
[[0;32m  OK  [0m] Started Tell Plymouth To Write Out Runtime Data.
[[0;32m  OK  [0m] Started Initial cloud-init job (pre-networking).
[[0;32m  OK  [0m] Found device /dev/ttyS0.
[[0;32m  OK  [0m] Listening on Load/Save RF Kill Switch Status /dev/rfkill Watch.
[[0;32m  OK  [0m] Reached target Network (Pre).
[[0;32m  OK  [0m] Created slice system-getty.slice.
         Starting Update UTMP about System Boot/Shutdown...
[[0;32m  OK  [0m] Reached target System Time Synchronized.
[[0;32m  OK  [0m] Started LSB: AppArmor initialization.
[[0;32m  OK  [0m] Started Update UTMP about System Boot/Shutdown.
         Starting Raise network interfaces...
[[0;32m  OK  [0m] Started Raise network interfaces.
[[0;32m  OK  [0m] Reached target Network.
         Starting Initial cloud-init job (metadata service crawler)...
[   41.177496] cloud-init[947]: Cloud-init v. 17.1 running 'init' at Fri, 15 Dec 2017 05:09:58 +0000. Up 40.49 seconds.
[   41.288735] cloud-init[947]: ci-info: ++++++++++++++++++++++++++++++++++++++Net device info++++++++++++++++++++++++++++++++++++++
[   41.289413] cloud-init[947]: ci-info: +--------+-------+----------------------------+---------------+-------+-------------------+
[[0;32m  OK  [0m] Started Initial cloud-init job (metadata service crawler).
[   41.289702] cloud-init[947]: ci-info: | Device |   Up  |          Address           |      Mask     | Scope |     Hw-Address    |
[   41.832494] cloud-init[947]: ci-info: +--------+-------+----------------------------+---------------+-------+-------------------+
[   41.833020] cloud-init[947]: ci-info: | enp0s3 |  True |         10.0.2.15          | 255.255.255.0 |   .   | 02:63:8e:2c:ef:cd |
[[0;32m  OK  [0m] Reached target Cloud-config availability.
[[   41.833352] cloud-init[947]: ci-info: | enp0s3 |  True | fe80::63:8eff:fe2c:efcd/64 |       .       |  link | 02:63:8e:2c:ef:cd |
[   42.222257] cloud-init[947]: ci-info: | enp0s8 | False |             .              |       .       |   .   | 08:00:27:84:9a:fa |
[0;32m  OK  [0m] Reached target System Initialization.
[   42.222491] cloud-init[947]: ci-info: |   lo   |  True |         127.0.0.1          |   255.0.0.0   |   .   |         .         |
[   42.741316] cloud-init[947]: ci-info: |   lo   |  True |          ::1/128           |       .       |  host |         .         |
[   42.741975] cloud-init[947]: ci-info: +--------+-------+----------------------------+---------------+-------+-------------------+
         Starting LXD - unix socket.
[   42.742248] cloud-init[947]: ci-info: +++++++++++++++++++++++++++Route IPv4 info++++++++++++++++++++++++++++
[   43.136983] cloud-init[947]: ci-info: +-------+-------------+----------+---------------+-----------+-------+
[[0;32m  OK  [0m] Listening on D-Bus System Message Bus Socket.
[   43.137369] cloud-init[947]: ci-info: | Route | Destination | Gateway  |    Genmask    | Interface | Flags |
[   43.357167] cloud-init[947]: ci-info: +-------+-------------+----------+---------------+-----------+-------+
[[0;32m  OK  [0m] Started Daily Cleanup of Temporary Directories.
[   43.357547] cloud-init[947]: ci-info: |   0   |   0.0.0.0   | 10.0.2.2 |    0.0.0.0    |   enp0s3  |   UG  |
[   43.657645] cloud-init[947]: ci-info: |   1   |   10.0.2.0  | 0.0.0.0  | 255.255.255.0 |   enp0s3  |   U   |
[   43.658149] cloud-init[947]: ci-info: +-------+-------------+----------+---------------+-----------+-------+
[[0;32m  OK  [0m] Started ACPI Events Check.
[[   43.658422] cloud-init[947]: Generating public/private rsa key pair.
[   43.887145] cloud-init[947]: Your identification has been saved in /etc/ssh/ssh_host_rsa_key.
[0;32m  OK  [0m] Reached target Paths.
[   43.887438] cloud-init[947]: Your public key has been saved in /etc/ssh/ssh_host_rsa_key.pub.
[   44.124445] cloud-init[947]: The key fingerprint is:
         [   44.124978] Starting Socket activation for snappy daemon.cloud-init
[947]: SHA256:T87RtXZAIZdLDHtspLwuZEZpeo5k7R0sagS7oVj+zHI root@ubuntu-xenial
[   44.280432] cloud-init[947]: The key's randomart image is:
[   44.280961] cloud-init[947]: +---[RSA 2048]----+
[[0;32m  OK  [0m] Listening on UUID daemon activation socket.
[[   44.281230] cloud-init[947]: |            oo=o |
[   44.549311] cloud-init[947]: |           o O+  |
[0;32m  OK  [0m] Listening on ACPID Listen Socket.
[[   44.549552] cloud-init[947]: |      .   + +.*. |
[   44.789572] cloud-init[947]: |       o = o =.o |
[0;32m  OK  [0m] Started Timer to automatically refresh installed snaps.
[   44.789776] cloud-init[947]: |    . o S X = o .|
[   44.953151] cloud-init[947]: |   + . * # = o . |
[[0;32m  OK  [0m] Reached target Network is Online.
[   44.953377] cloud-init[947]: |  . o . + B o    |
[   45.081274] cloud-init[947]: |    .+E.   .     |
[[0;32m  OK  [0m] Started Daily apt download activities.
[[   45.081600] cloud-init[947]: |     o+          |
[   45.257323] cloud-init[947]: +----[SHA256]-----+
[0;32m  OK  [0m] Started Daily apt upgrade and clean activities.
[   45.257639] cloud-init[947]: Generating public/private dsa key pair.
[   45.397211] cloud-init[947]: Your identification has been saved in /etc/ssh/ssh_host_dsa_key.
[[0;32m  OK  [0m] Reached target Timers.
[   45.397425] cloud-init[947]: Your public key has been saved in /etc/ssh/ssh_host_dsa_key.pub.
[   45.699425] cloud-init[947]: The key fingerprint is:
[   45.700122] cloud-init[947]: SHA256:vBJde0gQRIE2TiKe/dTvgyFeINrmjJ+CKa5XJPouE4I root@ubuntu-xenial
         Starting iSCSI initiator daemon (iscsid)...
[   45.700429] cloud-init[947]: The key's randomart image is:
[   45.900662] cloud-init[947]: +---[DSA 1024]----+
[   45.901435] cloud-init[947]: |       +*o       |
[[0;32m  OK  [0m] Listening on LXD - unix socket.
[   45.901725] cloud-init[947]: |  . . =  .       |
[   46.026395] cloud-init[947]: | . + = o  o      |
[[0;32m  OK  [0m] Listening on Socket activation for snappy daemon.
[   46.026952] cloud-init[947]: |  + + +o.o o     |
[[   46.196608] cloud-init[947]: |.. = +..S.o .    |
[   46.197485] cloud-init[947]: |E . + o.o...     |
[0;32m  OK  [0m] Started iSCSI initiator daemon (iscsid).
[   46.197811] cloud-init[947]: |.= * ..o.+       |
[   46.373042] cloud-init[947]: |* = o.... o      |
[   46.373900] cloud-init[947]: |=*.oo      .     |
         Starting Login to default iSCSI targets...
[   46.374336] cloud-init[947]: +----[SHA256]-----+
[[0;32m  OK  [0m] Reached target Sockets.
[   46.502339] cloud-init[947]: Generating public/private ecdsa key pair.
[   46.527622] cloud-init[947]: Your identification has been saved in /etc/ssh/ssh_host_ecdsa_key.
[   46.529735] [[0;32m  OK  [0m] Reached target Basic System.
cloud-init[947]: Your public key has been saved in /etc/ssh/ssh_host_ecdsa_key.pub.
[   46.656450] cloud-init[947]: The key fingerprint is:
[   46.657347] cloud-init[947]: SHA256:ML2z66JJCq4ezPTQyJeTLaKMEWMMahcTsQ1ch+0bn3Y root@ubuntu-xenial
         Starting /etc/rc.local Compatibility...
[   46.657571] cloud-init[947]: The key's randomart image is:
[   46.874263] cloud-init[947]: +---[ECDSA 256]---+
[[0;32m  OK  [0m] Started FUSE filesystem for LXC.
[   46.874644] cloud-init[947]: |. .*+.o.         |
[   46.992477] cloud-init[947]: |+  .*..o         |
         Starting Accounts Service...[   46.993069] 
cloud-init[947]: |++ o .+ .        |
[   47.081308] cloud-init[947]: |+o+ +  = .       |
[   47.081667] cloud-init[947]: |.* B .  S .      |
[[0;32m  OK  [0m] Started D-Bus System Message Bus.
[   47.081828] cloud-init[947]: |B.= o  . * E     |
[   47.268619] cloud-init[947]: |+= ..   o .      |
[   47.269149] cloud-init[947]: |...o ..  .       |
         Starting Pollinate to seed the pseudo random number generator...
[   47.269550] cloud-init[947]: |+o. o. oo        |
[   47.452488] cloud-init[947]: +----[SHA256]-----+
[   47.453066] cloud-init[947]: Generating public/private ed25519 key pair.
         Starting Apply the settings specified in cloud-config...
[   47.453376] cloud-init[947]: Your identification has been saved in /etc/ssh/ssh_host_ed25519_key.
[[0;32m  OK  [0m] Started ACPI event daemon.
[   47.707016] cloud-init[947]: Your public key has been saved in /etc/ssh/ssh_host_ed25519_key.pub.
         Starting System Logging Service...
[[0;32m  OK  [0m] Started Unattended Upgrades Shutdown.
[   47.843139] cloud-init[947]: The key fingerprint is:
         Starting LSB: MD monitoring daemon...
[   47.958893] cloud-init[947]: SHA256:/kxm1ULA4IKg5ictzwA8tmh/P+PwvVpvCdAgXvZw7iQ root@ubuntu-xenial
         Starting Snappy daemon...
[   48.080529] cloud-init[947]: The key's randomart image is:
[   48.176562] [cloud-init[0;32m  OK  [0m[947]: ] +--[ED25519 256]--+Started Deferred execution scheduler.

[   48.242657] [cloud-init[0;32m  OK  [0m[947]: ] |  .     .o.      |Started Regular background program processing daemon.

[   48.243312] cloud-init[947]: |.. . o * ...     |
[   48.382001]          cloud-initStarting LXD - container startup/shutdown...[947]: 
|o=  o = O   .    |
         Starting Login Service...
[   48.488644] cloud-init[947]: |* +  . E = . .   |
[   48.576516]          cloud-initStarting LSB: Record successful boot for GRUB...[947]: 
|.B o    S   o .  |
[   48.699568] [[0;32m  OK  [0m] Started System Logging Service.
cloud-init[947]: |. O    . o . .   |
[   48.776602] [cloud-init[0;32m  OK  [0m[947]: ] |   + o  ..= .    |Started Snappy daemon.

[   48.777697] [cloud-init[0;32m  OK  [0m[947]: ] |    . +oo*.o     |Started /etc/rc.local Compatibility.

[   48.960476] [cloud-init[0;32m  OK  [0m[947]: ] |      .=+o=.     |Started Pollinate to seed the pseudo random number generator.

[   48.961403] [cloud-init[0;32m  OK  [0m[947]: ] +----[SHA256]-----+Started LXD - container startup/shutdown.

[[0;32m  OK  [0m] Started Login to default iSCSI targets.
[   49.179026] cloud-init[1102]: Generating locales (this might take a while)...
[[0;32m  OK  [0m] Started LSB: MD monitoring daemon.
[   49.322122] cloud-init[1102]:   en_US.UTF-8... done
[   49.420992] [cloud-init[0;32m  OK  [0m[1102]: ] Generation complete.Started LSB: Record successful boot for GRUB.

         Starting Authenticate and Authorize Users to Run Privileged Tasks...
[[0;32m  OK  [0m] Reached target Remote File Systems (Pre).
[[0;32m  OK  [0m] Reached target Remote File Systems.
         Starting LSB: automatic crash report generation...
         Starting Permit User Sessions...
         Starting LSB: Set the CPU Frequency Scaling governor to "ondemand"...
         Starting LSB: daemon to balance interrupts for SMP systems...
         Starting LSB: VirtualBox Linux Additions...
         Starting OpenBSD Secure Shell server...
[[0;32m  OK  [0m] Started Permit User Sessions.
[[0;32m  OK  [0m] Started OpenBSD Secure Shell server.
[[0;32m  OK  [0m] Started Login Service.
[[0;32m  OK  [0m] Started Authenticate and Authorize Users to Run Privileged Tasks.
[[0;32m  OK  [0m] Started Accounts Service.
[[0;32m  OK  [0m] Started LSB: Set the CPU Frequency Scaling governor to "ondemand".
[[0;32m  OK  [0m] Started LSB: automatic crash report generation.
[[0;32m  OK  [0m] Started LSB: daemon to balance interrupts for SMP systems.
[[0;32m  OK  [0m] Started LSB: VirtualBox Linux Additions.
[[0;32m  OK  [0m] Created slice User Slice of ubuntu.
[[0;32m  OK  [0m] Started Session 1 of user ubuntu.
         Starting User Manager for UID 1000...
         Stopping OpenBSD Secure Shell server...
         Starting Hold until boot process finishes up...
         Starting Terminate Plymouth Boot Screen...
[[0;32m  OK  [0m] Started User Manager for UID 1000.
[[0;32m  OK  [0m] Stopped OpenBSD Secure Shell server.
[[0;32m  OK  [0m] Started Hold until boot process finishes up.
[[0;32m  OK  [0mm Started Terminate Plymouth Boot Screen.
[[0;32m  OK  [0m] Started Serial Getty on ttyS0.
         Starting Set console scheme...
[[0;32m  OK  [0m] Started Getty on tty1.
[[0;32m  OK  [0m] Reached target Login Prompts.
         Starting OpenBSD Secure Shell server...
[[0;32m  OK  [0m] Started OpenBSD Secure Shell server.
[[0;32m  OK  [0m] Started Set console scheme.
[[0;32m  OK  [0m] Reached target Multi-User System.
[[0;32m  OK  [0m] Reached target Graphical Interface.
         Starting Update UTMP about System Runlevel Changes...
[[0;32m  OK  [0m] Started Update UTMP about System Runlevel Changes.
[   51.678191] cloud-init[1102]: Cloud-init v. 17.1 running 'modules:config' at Fri, 15 Dec 2017 05:10:05 +0000. Up 47.85 seconds.
[[0;32m  OK  [0m] Started Apply the settings specified in cloud-config.
         Starting Execute cloud user/final scripts...
ci-info: no authorized ssh keys fingerprints found for user ubuntu.
<14>Dec 15 05:10:10 ec2: 
<14>Dec 15 05:10:10 ec2: #############################################################
<14>Dec 15 05:10:10 ec2: -----BEGIN SSH HOST KEY FINGERPRINTS-----
<14>Dec 15 05:10:10 ec2: 1024 SHA256:vBJde0gQRIE2TiKe/dTvgyFeINrmjJ+CKa5XJPouE4I root@ubuntu-xenial (DSA)
<14>Dec 15 05:10:10 ec2: 256 SHA256:ML2z66JJCq4ezPTQyJeTLaKMEWMMahcTsQ1ch+0bn3Y root@ubuntu-xenial (ECDSA)
<14>Dec 15 05:10:10 ec2: 256 SHA256:/kxm1ULA4IKg5ictzwA8tmh/P+PwvVpvCdAgXvZw7iQ root@ubuntu-xenial (ED25519)
<14>Dec 15 05:10:10 ec2: 2048 SHA256:T87RtXZAIZdLDHtspLwuZEZpeo5k7R0sagS7oVj+zHI root@ubuntu-xenial (RSA)
<14>Dec 15 05:10:10 ec2: -----END SSH HOST KEY FINGERPRINTS-----
<14>Dec 15 05:10:10 ec2: #############################################################
-----BEGIN SSH HOST KEY KEYS-----
ecdsa-sha2-nistp256 AAAAE2VjZHNhLXNoYTItbmlzdHAyNTYAAAAIbmlzdHAyNTYAAABBBFlT6+Am6an/cb+hiBo7g0KRNwztYQUknCF7VfaaTyYm+ChDkp2aC7uVoLzta7dPiMXCTCrhWk9zRl4hwC5QjXo= root@ubuntu-xenial
ssh-ed25519 AAAAC3NzaC1lZDI1NTE5AAAAIOYM6aV4oGEWdFnizhB7mqs+vxX8169frg4EheAdW0l5 root@ubuntu-xenial
ssh-rsa AAAAB3NzaC1yc2EAAAADAQABAAABAQDK/k1ay/N4HxiUjOgzmjLETzEMMSmN65eyU4ptVYt++1Gvteim8NcHSWmbf3g5wrCSRs60LsACtLuvKawPkmM/kR0Z19XYuRpRD6kW+FYN/E91gIRo6qmD9DI6/i/TQMu3vgCQUOHsJdy8AzlR5QyP91f7t4iBr4nS9NT/W2p+UrMId5xiiCjY1ed3VcbUL9Ygsr2UU/ip+xdDOEgE1N6e1SmOt8GFleGrHV3Z5aSd4S9qd0U9KVo069HrOSuDxAd6+HVrUbNC4mC4t5eernM7/pMfdZ2wN1dGm2U4kKOzbLWZf+GkCg1u1Bsy54+n3o2JeSw5wuyTNJ4z/6vWeCQn root@ubuntu-xenial
-----END SSH HOST KEY KEYS-----
         Stopping User Manager for UID 1000...
[[0;32m  OK  [0m] Stopped User Manager for UID 1000.
[   53.930941] cloud-init[1380]: Cloud-init v. 17.1 running 'modules:final' at Fri, 15 Dec 2017 05:10:09 +0000. Up 52.16 seconds.
[   54.184859] [cloud-init[0;32m  OK  [0m[1380]: ] ci-info: no authorized ssh keys fingerprints found for user ubuntu.Started Execute cloud user/final scripts.

[   54.185948] cloud-init[1380]: Cloud-init v. 17.1 finished at Fri, 15 Dec 2017 05:10:11 +0000. Datasource DataSourceNoCloud [seed=/dev/sdb][dsmode=net].  Up 53.92 seconds
[[0;32m  OK  [0m] Removed slice User Slice of ubuntu.
[[0;32m  OK  [0m] Reached target Cloud-init target.

Ubuntu 16.04.3 LTS ubuntu-xenial ttyS0

ubuntu-xenial login: 